<?xml version="1.0" encoding="UTF-8"?>
<!-- Generated by org.testng.reporters.JUnitReportReporter -->
<testsuite skipped="0" hostname="LAPTOP-BIJL3HUR" name="test.LoginTest" tests="1" failures="0" timestamp="06 Jul 2022 23:46:32 GMT" time="4.004" errors="0">
  <testcase name="validUserShouldBeAbleToLogin" time="4.004" classname="test.LoginTest"/>
</testsuite> <!-- test.LoginTest -->
